<?xml version="1.0" encoding="UTF-8"?>
<!-- Generated by org.testng.reporters.JUnitReportReporter -->
<testsuite hostname="192.168.1.10" failures="0" tests="1" name="com.vtechsolution.orangehrm.testcases.LoginTest" time="2.849" errors="0" timestamp="2022-09-07T17:03:44 IST" skipped="0">
  <testcase classname="com.vtechsolution.orangehrm.testcases.LoginTest" name="verifylogoTC2" time="2.849"/>
  <system-out/>
</testsuite> <!-- com.vtechsolution.orangehrm.testcases.LoginTest -->
